Traceback (most recent call last):
  File "C:\anacinda\Lib\site-packages\jupyter_cache\executors\utils.py", line 58, in single_nb_execution
    executenb(
  File "C:\anacinda\Lib\site-packages\nbclient\client.py", line 1305, in execute
    return NotebookClient(nb=nb, resources=resources, km=km, **kwargs).execute()
           ^^^^^^^^^^^^^^^^^^^^^^^^^^^^^^^^^^^^^^^^^^^^^^^^^^^^^^^^^^^^^^^^^^^^^
  File "C:\anacinda\Lib\site-packages\jupyter_core\utils\__init__.py", line 165, in wrapped
    return loop.run_until_complete(inner)
           ^^^^^^^^^^^^^^^^^^^^^^^^^^^^^^
  File "C:\anacinda\Lib\asyncio\base_events.py", line 687, in run_until_complete
    return future.result()
           ^^^^^^^^^^^^^^^
  File "C:\anacinda\Lib\site-packages\nbclient\client.py", line 705, in async_execute
    await self.async_execute_cell(
  File "C:\anacinda\Lib\site-packages\nbclient\client.py", line 1058, in async_execute_cell
    await self._check_raise_for_error(cell, cell_index, exec_reply)
  File "C:\anacinda\Lib\site-packages\nbclient\client.py", line 914, in _check_raise_for_error
    raise CellExecutionError.from_cell_and_msg(cell, exec_reply_content)
nbclient.exceptions.CellExecutionError: An error occurred while executing the following cell:
------------------
class ListStack:
	def __init__(self):
		self.stack = []

	def push(self, x):
		self.stack.append(x)

	def pop(self):
		return self.stack.pop()

	def top(self):
		if self.isEmpty():
			return None
		else:
			return self.stack[-1]

	def isEmpty(self) -> bool:
		return len(self.stack) == 0

	def size(self):
		return len(self.stack)

	def printStack(self):
		print("Elements from top to bottom: ")
		for i in range(len(self.stack)-1, -1, -1):
			print(self.stack[i], end = ' ')
		print()

	def reverse(self):  # 1번
		new_stack=[]
		for i in range(self.size()):



stack = ListStack()
stack.push(100); stack.push(200); stack.push(300); stack.push(400)

stack.reverse()
stack.printStack()

------------------


[1;36m  Cell [1;32mIn[4], line 35[1;36m[0m
[1;33m    stack = ListStack()[0m
[1;37m                       ^[0m
[1;31mIndentationError[0m[1;31m:[0m expected an indented block after 'for' statement on line 31


