Traceback (most recent call last):
  File "C:\anacinda\Lib\site-packages\jupyter_cache\executors\utils.py", line 58, in single_nb_execution
    executenb(
  File "C:\anacinda\Lib\site-packages\nbclient\client.py", line 1305, in execute
    return NotebookClient(nb=nb, resources=resources, km=km, **kwargs).execute()
           ^^^^^^^^^^^^^^^^^^^^^^^^^^^^^^^^^^^^^^^^^^^^^^^^^^^^^^^^^^^^^^^^^^^^^
  File "C:\anacinda\Lib\site-packages\jupyter_core\utils\__init__.py", line 165, in wrapped
    return loop.run_until_complete(inner)
           ^^^^^^^^^^^^^^^^^^^^^^^^^^^^^^
  File "C:\anacinda\Lib\asyncio\base_events.py", line 687, in run_until_complete
    return future.result()
           ^^^^^^^^^^^^^^^
  File "C:\anacinda\Lib\site-packages\nbclient\client.py", line 705, in async_execute
    await self.async_execute_cell(
  File "C:\anacinda\Lib\site-packages\nbclient\client.py", line 1058, in async_execute_cell
    await self._check_raise_for_error(cell, cell_index, exec_reply)
  File "C:\anacinda\Lib\site-packages\nbclient\client.py", line 914, in _check_raise_for_error
    raise CellExecutionError.from_cell_and_msg(cell, exec_reply_content)
nbclient.exceptions.CellExecutionError: An error occurred while executing the following cell:
------------------
from CircularLinkedList import *

class LinkedQueue:
    def __init__(self):
        self.queue = CircularLinkedList()

    def enqueue(self, x):
        self.queue.append(x)

    def dequeue(self):
        if self.isEmpty():
            print("Queue is empty. Cannot dequeue.")
            return None
        return self.queue.pop(0)

    def front(self):
        if self.isEmpty():
            print("Queue is empty. No front element.")
            return None
        return self.queue.get(0)

    def isEmpty(self) -> bool:
        return self.queue.isEmpty()

    def dequeueAll(self):
        self.queue.clear()

    def size(self):
        return self.queue.size()

    def printQueue(self):
        self.queue.printList()

    def reverse(self):
        # í->ìŠ¤íƒ-> í
        stack = []
        while not self.isEmpty():
            stack.append(self.dequeue())
        while stack:
            self.enqueue(stack.pop())
------------------


[1;31m---------------------------------------------------------------------------[0m
[1;31mModuleNotFoundError[0m                       Traceback (most recent call last)
Cell [1;32mIn[3], line 1[0m
[1;32m----> 1[0m [38;5;28;01mfrom[39;00m [38;5;21;01mCircularLinkedList[39;00m [38;5;28;01mimport[39;00m [38;5;241m*[39m
[0;32m      3[0m [38;5;28;01mclass[39;00m [38;5;21;01mLinkedQueue[39;00m:
[0;32m      4[0m     [38;5;28;01mdef[39;00m [38;5;21m__init__[39m([38;5;28mself[39m):

[1;31mModuleNotFoundError[0m: No module named 'CircularLinkedList'

